#
# A fatal error has been detected by the Java Runtime Environment:
#
#  EXCEPTION_ACCESS_VIOLATION (0xc0000005) at pc=0x00007ff8eaed167e, pid=17876, tid=0x0000000000002688
#
# JRE version: Java(TM) SE Runtime Environment (8.0_191-b12) (build 1.8.0_191-b12)
# Java VM: Java HotSpot(TM) 64-Bit Server VM (25.191-b12 mixed mode windows-amd64 compressed oops)
# Problematic frame:
# C  [nvapi64.dll+0x20167e]
#
# Failed to write core dump. Minidumps are not enabled by default on client versions of Windows
#
# If you would like to submit a bug report, please visit:
#   http://bugreport.java.com/bugreport/crash.jsp
# The crash happened outside the Java Virtual Machine in native code.
# See problematic frame for where to report the bug.
#

---------------  T H R E A D  ---------------

Current thread (0x0000000002bb6000):  JavaThread "Client thread" [_thread_in_native, id=9864, stack(0x0000000002ab0000,0x0000000002bb0000)]

siginfo: ExceptionCode=0xc0000005, reading address 0x00007ff8fb302de0

Registers:
RAX=0x00007ff8fb302de0, RBX=0x0000000000000000, RCX=0x0000000022a28f00, RDX=0x00007ff8eb097848
RSP=0x0000000002baddf0, RBP=0x0000000000000005, RSI=0x0000000002badeb0, RDI=0x0000000022a28f00
R8 =0x0000000002bade60, R9 =0x00000000ffffffff, R10=0x00000000302c1410, R11=0x0000000002bade60
R12=0x0000000000000001, R13=0x0000000022af0e90, R14=0x0000000000000001, R15=0x00007ff8e4f8c458
RIP=0x00007ff8eaed167e, EFLAGS=0x0000000000010206

Top of Stack: (sp=0x0000000002baddf0)
0x0000000002baddf0:   00000000300f82f0 00000000756103c5
0x0000000002bade00:   00000000ffffffff 0000000000000001
0x0000000002bade10:   0000000000000000 fffffffffffffffe
0x0000000002bade20:   0000000000000000 0000000075606ea3
0x0000000002bade30:   00000000302f2300 0000000000000000
0x0000000002bade40:   0000000002badeb0 0000000000000005
0x0000000002bade50:   0000000022a28f00 000000007590e4f4
0x0000000002bade60:   0000000000000000 00007ff8eaed15f0
0x0000000002bade70:   0000000000000005 0000000000000000
0x0000000002bade80:   0000000000000008 0000000075513de8
0x0000000002bade90:   00000000302f2300 0000000000000000
0x0000000002badea0:   0000000000000001 0000000000000000
0x0000000002badeb0:   0000000100000008 00000000302c1550
0x0000000002badec0:   00000000d3def1ce 0000000000000001
0x0000000002baded0:   0000000000000007 0000000000000000
0x0000000002badee0:   0000000022830000 00000000f171ff5e 

Instructions: (pc=0x00007ff8eaed167e)
0x00007ff8eaed165e:   88 00 00 00 48 89 5c 24 20 48 89 5c 24 70 48 8b
0x00007ff8eaed166e:   07 4c 8d 44 24 70 48 8d 15 cd 61 1c 00 48 8b cf
0x00007ff8eaed167e:   ff 10 85 c0 79 37 48 8b 07 4c 8d 44 24 20 48 8d
0x00007ff8eaed168e:   15 a5 49 1c 00 48 8b cf ff 10 85 c0 79 1f 48 8b 


Register to memory mapping:

RAX=0x00007ff8fb302de0 is an unknown value
RBX=0x0000000000000000 is an unknown value
RCX=0x0000000022a28f00 is an unknown value
RDX=0x00007ff8eb097848 is an unknown value
RSP=0x0000000002baddf0 is pointing into the stack for thread: 0x0000000002bb6000
RBP=0x0000000000000005 is an unknown value
RSI=0x0000000002badeb0 is pointing into the stack for thread: 0x0000000002bb6000
RDI=0x0000000022a28f00 is an unknown value
R8 =0x0000000002bade60 is pointing into the stack for thread: 0x0000000002bb6000
R9 =0x00000000ffffffff is an unallocated location in the heap
R10=0x00000000302c1410 is an unknown value
R11=0x0000000002bade60 is pointing into the stack for thread: 0x0000000002bb6000
R12=0x0000000000000001 is an unknown value
R13=0x0000000022af0e90 is an unknown value
R14=0x0000000000000001 is an unknown value
R15=0x00007ff8e4f8c458 is an unknown value


Stack: [0x0000000002ab0000,0x0000000002bb0000],  sp=0x0000000002baddf0,  free space=1015k
Native frames: (J=compiled Java code, j=interpreted, Vv=VM code, C=native code)
C  [nvapi64.dll+0x20167e]
C  [nvoglv64.dll+0xebe4f4]
C  [nvoglv64.dll+0xac3de8]
C  [nvoglv64.dll+0xac54ba]
C  [nvoglv64.dll+0xa8e4e4]
C  [graphics-hook64.dll+0x9a5d]
C  [graphics-hook64.dll+0xa57f]
C  0x00000000037af014

Java frames: (J=compiled Java code, j=interpreted, Vv=VM code)
J 4760  org.lwjgl.opengl.WindowsContextImplementation.nSwapBuffers(Ljava/nio/ByteBuffer;)V (0 bytes) @ 0x00000000037aef92 [0x00000000037aef40+0x52]
J 15503 C2 org.lwjgl.opengl.Display.swapBuffers()V (55 bytes) @ 0x00000000031d2460 [0x00000000031d2240+0x220]
J 15420 C1 org.lwjgl.opengl.Display.update(Z)V (154 bytes) @ 0x0000000004dd314c [0x0000000004dd2ce0+0x46c]
J 15315 C1 net.minecraft.client.Minecraft.updateDisplay()V (25 bytes) @ 0x0000000004325bdc [0x0000000004325ae0+0xfc]
J 15285 C2 net.minecraft.client.Minecraft.runGameLoop()V (946 bytes) @ 0x0000000005a74c9c [0x0000000005a73b80+0x111c]
j  net.minecraft.client.Minecraft.run()V+61
j  net.minecraft.client.main.Main.main([Ljava/lang/String;)V+1094
v  ~StubRoutines::call_stub
j  sun.reflect.NativeMethodAccessorImpl.invoke0(Ljava/lang/reflect/Method;Ljava/lang/Object;[Ljava/lang/Object;)Ljava/lang/Object;+0
j  sun.reflect.NativeMethodAccessorImpl.invoke(Ljava/lang/Object;[Ljava/lang/Object;)Ljava/lang/Object;+100
j  sun.reflect.DelegatingMethodAccessorImpl.invoke(Ljava/lang/Object;[Ljava/lang/Object;)Ljava/lang/Object;+6
j  java.lang.reflect.Method.invoke(Ljava/lang/Object;[Ljava/lang/Object;)Ljava/lang/Object;+56
j  net.minecraft.launchwrapper.Launch.launch([Ljava/lang/String;)V+661
j  net.minecraft.launchwrapper.Launch.main([Ljava/lang/String;)V+8
v  ~StubRoutines::call_stub
j  sun.reflect.NativeMethodAccessorImpl.invoke0(Ljava/lang/reflect/Method;Ljava/lang/Object;[Ljava/lang/Object;)Ljava/lang/Object;+0
j  sun.reflect.NativeMethodAccessorImpl.invoke(Ljava/lang/Object;[Ljava/lang/Object;)Ljava/lang/Object;+100
j  sun.reflect.DelegatingMethodAccessorImpl.invoke(Ljava/lang/Object;[Ljava/lang/Object;)Ljava/lang/Object;+6
j  java.lang.reflect.Method.invoke(Ljava/lang/Object;[Ljava/lang/Object;)Ljava/lang/Object;+56
j  net.minecraftforge.gradle.GradleStartCommon.launch([Ljava/lang/String;)V+169
j  GradleStart.main([Ljava/lang/String;)V+11
v  ~StubRoutines::call_stub

---------------  P R O C E S S  ---------------

Java Threads: ( => current thread )
  0x000000001d4fb000 JavaThread "Chunk I/O Executor Thread-1" daemon [_thread_blocked, id=13512, stack(0x0000000040260000,0x0000000040360000)]
  0x000000001d4fa800 JavaThread "Chunk Batcher 7" daemon [_thread_blocked, id=17208, stack(0x000000003f140000,0x000000003f240000)]
  0x000000001d500800 JavaThread "Chunk Batcher 6" daemon [_thread_blocked, id=18240, stack(0x000000003f040000,0x000000003f140000)]
  0x000000001d4fc000 JavaThread "Chunk Batcher 5" daemon [_thread_blocked, id=9048, stack(0x000000003ef40000,0x000000003f040000)]
  0x000000001d4fe000 JavaThread "Chunk Batcher 4" daemon [_thread_blocked, id=320, stack(0x000000003ee40000,0x000000003ef40000)]
  0x000000001d4fc800 JavaThread "Chunk Batcher 3" daemon [_thread_blocked, id=6728, stack(0x000000003ed40000,0x000000003ee40000)]
  0x000000001d4ff800 JavaThread "Chunk Batcher 2" daemon [_thread_blocked, id=15716, stack(0x000000003ec40000,0x000000003ed40000)]
  0x000000001d4ff000 JavaThread "Chunk Batcher 1" daemon [_thread_blocked, id=5164, stack(0x000000003eb40000,0x000000003ec40000)]
  0x000000001d4f2800 JavaThread "Chunk Batcher 0" daemon [_thread_blocked, id=3184, stack(0x000000003ea40000,0x000000003eb40000)]
  0x000000001d4f9800 JavaThread "Netty Server IO #1" daemon [_thread_in_native, id=7032, stack(0x000000003e940000,0x000000003ea40000)]
  0x000000001d4f6800 JavaThread "Netty Local Client IO #0" daemon [_thread_blocked, id=17292, stack(0x000000003e840000,0x000000003e940000)]
  0x000000001d4f9000 JavaThread "Netty Server IO #0" daemon [_thread_in_native, id=856, stack(0x000000003e640000,0x000000003e740000)]
  0x000000001d4f2000 JavaThread "File IO Thread" [_thread_blocked, id=18172, stack(0x000000003e540000,0x000000003e640000)]
  0x000000001d4f1000 JavaThread "Server thread" [_thread_blocked, id=17584, stack(0x000000003e440000,0x000000003e540000)]
  0x000000001d4f7800 JavaThread "Snooper Timer" daemon [_thread_blocked, id=4720, stack(0x000000003e340000,0x000000003e440000)]
  0x000000001b765800 JavaThread "Narrator" daemon [_thread_blocked, id=4116, stack(0x000000003b630000,0x000000003b730000)]
  0x000000001da9e000 JavaThread "Thread-6" [_thread_blocked, id=11052, stack(0x0000000038040000,0x0000000038140000)]
  0x000000001fbda800 JavaThread "Thread-5" [_thread_blocked, id=248, stack(0x0000000037f20000,0x0000000038020000)]
  0x000000001e3b7800 JavaThread "LWJGL Timer" daemon [_thread_blocked, id=18784, stack(0x0000000037530000,0x0000000037630000)]
  0x000000001c2ac800 JavaThread "Java2D Disposer" daemon [_thread_blocked, id=7524, stack(0x000000001f440000,0x000000001f540000)]
  0x0000000020438800 JavaThread "Timer hack thread" daemon [_thread_blocked, id=9204, stack(0x000000001f320000,0x000000001f420000)]
  0x000000001ddd6000 JavaThread "Snooper Timer" daemon [_thread_blocked, id=16372, stack(0x000000001e250000,0x000000001e350000)]
  0x0000000019a3c000 JavaThread "Service Thread" daemon [_thread_blocked, id=12784, stack(0x000000001a6a0000,0x000000001a7a0000)]
  0x00000000199ee800 JavaThread "C1 CompilerThread3" daemon [_thread_blocked, id=3864, stack(0x000000001a5a0000,0x000000001a6a0000)]
  0x00000000199e8000 JavaThread "C2 CompilerThread2" daemon [_thread_blocked, id=18280, stack(0x000000001a4a0000,0x000000001a5a0000)]
  0x00000000199e4000 JavaThread "C2 CompilerThread1" daemon [_thread_blocked, id=15784, stack(0x000000001a3a0000,0x000000001a4a0000)]
  0x00000000199e2000 JavaThread "C2 CompilerThread0" daemon [_thread_blocked, id=15304, stack(0x000000001a2a0000,0x000000001a3a0000)]
  0x00000000199df800 JavaThread "Attach Listener" daemon [_thread_blocked, id=3028, stack(0x000000001a1a0000,0x000000001a2a0000)]
  0x0000000017bde800 JavaThread "Signal Dispatcher" daemon [_thread_blocked, id=18472, stack(0x000000001a0a0000,0x000000001a1a0000)]
  0x00000000199d0800 JavaThread "Finalizer" daemon [_thread_blocked, id=3156, stack(0x0000000019eb0000,0x0000000019fb0000)]
  0x0000000017bcd800 JavaThread "Reference Handler" daemon [_thread_blocked, id=18700, stack(0x0000000019db0000,0x0000000019eb0000)]
=>0x0000000002bb6000 JavaThread "Client thread" [_thread_in_native, id=9864, stack(0x0000000002ab0000,0x0000000002bb0000)]

Other Threads:
  0x0000000017bc9800 VMThread [stack: 0x00000000198b0000,0x00000000199b0000] [id=5904]
  0x0000000019a3d800 WatcherThread [stack: 0x000000001a7a0000,0x000000001a8a0000] [id=18284]

VM state:not at safepoint (normal execution)

VM Mutex/Monitor currently owned by a thread: None

Heap:
 PSYoungGen      total 572416K, used 350288K [0x00000000d6100000, 0x00000000fe300000, 0x0000000100000000)
  eden space 499200K, 59% used [0x00000000d6100000,0x00000000e8557200,0x00000000f4880000)
  from space 73216K, 69% used [0x00000000f4880000,0x00000000f7a3cec0,0x00000000f9000000)
  to   space 75264K, 0% used [0x00000000f9980000,0x00000000f9980000,0x00000000fe300000)
 ParOldGen       total 286720K, used 186089K [0x0000000082200000, 0x0000000093a00000, 0x00000000d6100000)
  object space 286720K, 64% used [0x0000000082200000,0x000000008d7ba448,0x0000000093a00000)
 Metaspace       used 61071K, capacity 62039K, committed 62464K, reserved 1103872K
  class space    used 7548K, capacity 7817K, committed 7936K, reserved 1048576K

Card table byte_map: [0x0000000012070000,0x0000000012460000] byte_map_base: 0x0000000011c5f000

Marking Bits: (ParMarkBitMap*) 0x0000000051723e30
 Begin Bits: [0x0000000012f00000, 0x0000000014e78000)
 End Bits:   [0x0000000014e78000, 0x0000000016df0000)

Polling page: 0x00000000028d0000

CodeCache: size=245760Kb used=44425Kb max_used=45843Kb free=201335Kb
 bounds [0x0000000002cb0000, 0x0000000005ac0000, 0x0000000011cb0000]
 total_blobs=11807 nmethods=10809 adapters=908
 compilation: enabled

Compilation events (10 events):
Event: 169.363 Thread 0x00000000199ee800 15540       3       net.minecraft.entity.Entity::onRemovedFromWorld (6 bytes)
Event: 169.364 Thread 0x00000000199ee800 nmethod 15540 0x0000000004dceb90 code [0x0000000004dcece0, 0x0000000004dcee30]
Event: 170.569 Thread 0x00000000199ee800 15541       3       net.minecraft.network.play.server.SPacketTimeUpdate::processPacket (9 bytes)
Event: 170.569 Thread 0x00000000199ee800 nmethod 15541 0x00000000030e6410 code [0x00000000030e65a0, 0x00000000030e68e8]
Event: 170.569 Thread 0x00000000199ee800 15542       3       net.minecraft.network.play.server.SPacketTimeUpdate::processPacket (8 bytes)
Event: 170.570 Thread 0x00000000199ee800 nmethod 15542 0x0000000004508450 code [0x00000000045085c0, 0x00000000045087a8]
Event: 171.724 Thread 0x00000000199e2000 15543       4       net.minecraftforge.client.GuiIngameForge::bind (12 bytes)
Event: 171.727 Thread 0x00000000199e2000 nmethod 15543 0x0000000004562d10 code [0x0000000004562e60, 0x0000000004562f08]
Event: 171.806 Thread 0x00000000199e4000 15544       4       net.minecraft.client.network.NetworkPlayerInfo::getSkinType (23 bytes)
Event: 171.808 Thread 0x00000000199e4000 nmethod 15544 0x00000000048228d0 code [0x0000000004822a20, 0x0000000004822ae8]

GC Heap History (10 events):
Event: 80.641 GC heap before
{Heap before GC invocations=34 (full 7):
 PSYoungGen      total 537600K, used 513953K [0x00000000d6100000, 0x00000000fb200000, 0x0000000100000000)
  eden space 476160K, 100% used [0x00000000d6100000,0x00000000f3200000,0x00000000f3200000)
  from space 61440K, 61% used [0x00000000f7600000,0x00000000f9ae8688,0x00000000fb200000)
  to   space 65536K, 0% used [0x00000000f3200000,0x00000000f3200000,0x00000000f7200000)
 ParOldGen       total 286720K, used 186073K [0x0000000082200000, 0x0000000093a00000, 0x00000000d6100000)
  object space 286720K, 64% used [0x0000000082200000,0x000000008d7b6448,0x0000000093a00000)
 Metaspace       used 60798K, capacity 61763K, committed 62208K, reserved 1103872K
  class space    used 7542K, capacity 7813K, committed 7936K, reserved 1048576K
Event: 80.665 GC heap after
Heap after GC invocations=34 (full 7):
 PSYoungGen      total 541696K, used 38329K [0x00000000d6100000, 0x00000000fc300000, 0x0000000100000000)
  eden space 476160K, 0% used [0x00000000d6100000,0x00000000d6100000,0x00000000f3200000)
  from space 65536K, 58% used [0x00000000f3200000,0x00000000f576e6c0,0x00000000f7200000)
  to   space 65536K, 0% used [0x00000000f8300000,0x00000000f8300000,0x00000000fc300000)
 ParOldGen       total 286720K, used 186081K [0x0000000082200000, 0x0000000093a00000, 0x00000000d6100000)
  object space 286720K, 64% used [0x0000000082200000,0x000000008d7b8448,0x0000000093a00000)
 Metaspace       used 60798K, capacity 61763K, committed 62208K, reserved 1103872K
  class space    used 7542K, capacity 7813K, committed 7936K, reserved 1048576K
}
Event: 88.242 GC heap before
{Heap before GC invocations=35 (full 7):
 PSYoungGen      total 541696K, used 514489K [0x00000000d6100000, 0x00000000fc300000, 0x0000000100000000)
  eden space 476160K, 100% used [0x00000000d6100000,0x00000000f3200000,0x00000000f3200000)
  from space 65536K, 58% used [0x00000000f3200000,0x00000000f576e6c0,0x00000000f7200000)
  to   space 65536K, 0% used [0x00000000f8300000,0x00000000f8300000,0x00000000fc300000)
 ParOldGen       total 286720K, used 186081K [0x0000000082200000, 0x0000000093a00000, 0x00000000d6100000)
  object space 286720K, 64% used [0x0000000082200000,0x000000008d7b8448,0x0000000093a00000)
 Metaspace       used 60850K, capacity 61833K, committed 62464K, reserved 1103872K
  class space    used 7543K, capacity 7814K, committed 7936K, reserved 1048576K
Event: 88.260 GC heap after
Heap after GC invocations=35 (full 7):
 PSYoungGen      total 556544K, used 45878K [0x00000000d6100000, 0x00000000fc600000, 0x0000000100000000)
  eden space 491008K, 0% used [0x00000000d6100000,0x00000000d6100000,0x00000000f4080000)
  from space 65536K, 70% used [0x00000000f8300000,0x00000000fafcdb68,0x00000000fc300000)
  to   space 68096K, 0% used [0x00000000f4080000,0x00000000f4080000,0x00000000f8300000)
 ParOldGen       total 286720K, used 186081K [0x0000000082200000, 0x0000000093a00000, 0x00000000d6100000)
  object space 286720K, 64% used [0x0000000082200000,0x000000008d7b8448,0x0000000093a00000)
 Metaspace       used 60850K, capacity 61833K, committed 62464K, reserved 1103872K
  class space    used 7543K, capacity 7814K, committed 7936K, reserved 1048576K
}
Event: 96.442 GC heap before
{Heap before GC invocations=36 (full 7):
 PSYoungGen      total 556544K, used 536886K [0x00000000d6100000, 0x00000000fc600000, 0x0000000100000000)
  eden space 491008K, 100% used [0x00000000d6100000,0x00000000f4080000,0x00000000f4080000)
  from space 65536K, 70% used [0x00000000f8300000,0x00000000fafcdb68,0x00000000fc300000)
  to   space 68096K, 0% used [0x00000000f4080000,0x00000000f4080000,0x00000000f8300000)
 ParOldGen       total 286720K, used 186081K [0x0000000082200000, 0x0000000093a00000, 0x00000000d6100000)
  object space 286720K, 64% used [0x0000000082200000,0x000000008d7b8448,0x0000000093a00000)
 Metaspace       used 60991K, capacity 61963K, committed 62464K, reserved 1103872K
  class space    used 7547K, capacity 7815K, committed 7936K, reserved 1048576K
Event: 96.466 GC heap after
Heap after GC invocations=36 (full 7):
 PSYoungGen      total 559104K, used 47763K [0x00000000d6100000, 0x00000000fd480000, 0x0000000100000000)
  eden space 491008K, 0% used [0x00000000d6100000,0x00000000d6100000,0x00000000f4080000)
  from space 68096K, 70% used [0x00000000f4080000,0x00000000f6f24fb0,0x00000000f8300000)
  to   space 70144K, 0% used [0x00000000f9000000,0x00000000f9000000,0x00000000fd480000)
 ParOldGen       total 286720K, used 186089K [0x0000000082200000, 0x0000000093a00000, 0x00000000d6100000)
  object space 286720K, 64% used [0x0000000082200000,0x000000008d7ba448,0x0000000093a00000)
 Metaspace       used 60991K, capacity 61963K, committed 62464K, reserved 1103872K
  class space    used 7547K, capacity 7815K, committed 7936K, reserved 1048576K
}
Event: 117.811 GC heap before
{Heap before GC invocations=37 (full 7):
 PSYoungGen      total 559104K, used 538771K [0x00000000d6100000, 0x00000000fd480000, 0x0000000100000000)
  eden space 491008K, 100% used [0x00000000d6100000,0x00000000f4080000,0x00000000f4080000)
  from space 68096K, 70% used [0x00000000f4080000,0x00000000f6f24fb0,0x00000000f8300000)
  to   space 70144K, 0% used [0x00000000f9000000,0x00000000f9000000,0x00000000fd480000)
 ParOldGen       total 286720K, used 186089K [0x0000000082200000, 0x0000000093a00000, 0x00000000d6100000)
  object space 286720K, 64% used [0x0000000082200000,0x000000008d7ba448,0x0000000093a00000)
 Metaspace       used 61045K, capacity 61975K, committed 62464K, reserved 1103872K
  class space    used 7548K, capacity 7817K, committed 7936K, reserved 1048576K
Event: 117.841 GC heap after
Heap after GC invocations=37 (full 7):
 PSYoungGen      total 569344K, used 50844K [0x00000000d6100000, 0x00000000fd900000, 0x0000000100000000)
  eden space 499200K, 0% used [0x00000000d6100000,0x00000000d6100000,0x00000000f4880000)
  from space 70144K, 72% used [0x00000000f9000000,0x00000000fc1a7060,0x00000000fd480000)
  to   space 73216K, 0% used [0x00000000f4880000,0x00000000f4880000,0x00000000f9000000)
 ParOldGen       total 286720K, used 186089K [0x0000000082200000, 0x0000000093a00000, 0x00000000d6100000)
  object space 286720K, 64% used [0x0000000082200000,0x000000008d7ba448,0x0000000093a00000)
 Metaspace       used 61045K, capacity 61975K, committed 62464K, reserved 1103872K
  class space    used 7548K, capacity 7817K, committed 7936K, reserved 1048576K
}
Event: 152.220 GC heap before
{Heap before GC invocations=38 (full 7):
 PSYoungGen      total 569344K, used 550044K [0x00000000d6100000, 0x00000000fd900000, 0x0000000100000000)
  eden space 499200K, 100% used [0x00000000d6100000,0x00000000f4880000,0x00000000f4880000)
  from space 70144K, 72% used [0x00000000f9000000,0x00000000fc1a7060,0x00000000fd480000)
  to   space 73216K, 0% used [0x00000000f4880000,0x00000000f4880000,0x00000000f9000000)
 ParOldGen       total 286720K, used 186089K [0x0000000082200000, 0x0000000093a00000, 0x00000000d6100000)
  object space 286720K, 64% used [0x0000000082200000,0x000000008d7ba448,0x0000000093a00000)
 Metaspace       used 61063K, capacity 62039K, committed 62464K, reserved 1103872K
  class space    used 7548K, capacity 7817K, committed 7936K, reserved 1048576K
Event: 152.235 GC heap after
Heap after GC invocations=38 (full 7):
 PSYoungGen      total 572416K, used 50931K [0x00000000d6100000, 0x00000000fe300000, 0x0000000100000000)
  eden space 499200K, 0% used [0x00000000d6100000,0x00000000d6100000,0x00000000f4880000)
  from space 73216K, 69% used [0x00000000f4880000,0x00000000f7a3cec0,0x00000000f9000000)
  to   space 75264K, 0% used [0x00000000f9980000,0x00000000f9980000,0x00000000fe300000)
 ParOldGen       total 286720K, used 186089K [0x0000000082200000, 0x0000000093a00000, 0x00000000d6100000)
  object space 286720K, 64% used [0x0000000082200000,0x000000008d7ba448,0x0000000093a00000)
 Metaspace       used 61063K, capacity 62039K, committed 62464K, reserved 1103872K
  class space    used 7548K, capacity 7817K, committed 7936K, reserved 1048576K
}

Deoptimization events (10 events):
Event: 123.013 Thread 0x000000001d4f1000 Uncommon trap: reason=bimorphic action=maybe_recompile pc=0x000000000581c6d8 method=net.minecraft.entity.EntityLiving.despawnEntity()V @ 181
Event: 127.823 Thread 0x000000001d4f1000 Uncommon trap: reason=bimorphic action=maybe_recompile pc=0x000000000581c6d8 method=net.minecraft.entity.EntityLiving.despawnEntity()V @ 181
Event: 132.564 Thread 0x000000001d4f1000 Uncommon trap: reason=class_check action=maybe_recompile pc=0x000000000508cd44 method=com.google.common.collect.AbstractMapBasedMultimap$Itr.next()Ljava/lang/Object; @ 4
Event: 132.564 Thread 0x000000001d4f1000 Uncommon trap: reason=class_check action=maybe_recompile pc=0x000000000508cd44 method=com.google.common.collect.AbstractMapBasedMultimap$Itr.next()Ljava/lang/Object; @ 4
Event: 132.564 Thread 0x000000001d4f1000 Uncommon trap: reason=class_check action=maybe_recompile pc=0x000000000508cd44 method=com.google.common.collect.AbstractMapBasedMultimap$Itr.next()Ljava/lang/Object; @ 4
Event: 132.564 Thread 0x000000001d4f1000 Uncommon trap: reason=class_check action=maybe_recompile pc=0x000000000508cd44 method=com.google.common.collect.AbstractMapBasedMultimap$Itr.next()Ljava/lang/Object; @ 4
Event: 132.579 Thread 0x000000001d4f1000 Uncommon trap: reason=unstable_if action=reinterpret pc=0x0000000003b6eabc method=java.io.ExpiringCache.entryFor(Ljava/lang/String;)Ljava/io/ExpiringCache$Entry; @ 39
Event: 134.388 Thread 0x0000000002bb6000 Uncommon trap: reason=unstable_if action=reinterpret pc=0x000000000516aa74 method=net.minecraft.world.World.getLightFromNeighborsFor(Lnet/minecraft/world/EnumSkyBlock;Lnet/minecraft/util/math/BlockPos;)I @ 139
Event: 142.440 Thread 0x0000000002bb6000 Uncommon trap: reason=unstable_if action=reinterpret pc=0x00000000057a46a4 method=org.lwjgl.opengl.WindowsDisplay.update()V @ 40
Event: 159.780 Thread 0x0000000002bb6000 Uncommon trap: reason=unstable_if action=reinterpret pc=0x00000000055bb6c4 method=net.minecraft.client.gui.inventory.GuiContainerCreative.drawScreen(IIF)V @ 268

Classes redefined (0 events):
No events

Internal exceptions (10 events):
Event: 173.142 Thread 0x000000001fbda800 Exception <a 'java/lang/InterruptedException': sleep interrupted> (0x00000000e7796388) thrown at [C:\re\workspace\8-2-build-windows-amd64-cygwin\jdk8u191\11896\hotspot\src\share\vm\prims\jvm.cpp, line 3273]
Event: 173.142 Thread 0x000000001fbda800 Exception <a 'java/lang/InterruptedException': sleep interrupted> (0x00000000e80788d8) thrown at [C:\re\workspace\8-2-build-windows-amd64-cygwin\jdk8u191\11896\hotspot\src\share\vm\prims\jvm.cpp, line 3273]
Event: 173.151 Thread 0x000000001fbda800 Exception <a 'java/lang/InterruptedException': sleep interrupted> (0x00000000e8078b30) thrown at [C:\re\workspace\8-2-build-windows-amd64-cygwin\jdk8u191\11896\hotspot\src\share\vm\prims\jvm.cpp, line 3273]
Event: 173.162 Thread 0x000000001fbda800 Exception <a 'java/lang/InterruptedException': sleep interrupted> (0x00000000e8078d88) thrown at [C:\re\workspace\8-2-build-windows-amd64-cygwin\jdk8u191\11896\hotspot\src\share\vm\prims\jvm.cpp, line 3273]
Event: 173.165 Thread 0x000000001fbda800 Exception <a 'java/lang/InterruptedException': sleep interrupted> (0x00000000e8078fe0) thrown at [C:\re\workspace\8-2-build-windows-amd64-cygwin\jdk8u191\11896\hotspot\src\share\vm\prims\jvm.cpp, line 3273]
Event: 173.171 Thread 0x000000001fbda800 Exception <a 'java/lang/InterruptedException': sleep interrupted> (0x00000000e8079238) thrown at [C:\re\workspace\8-2-build-windows-amd64-cygwin\jdk8u191\11896\hotspot\src\share\vm\prims\jvm.cpp, line 3273]
Event: 173.179 Thread 0x000000001fbda800 Exception <a 'java/lang/InterruptedException': sleep interrupted> (0x00000000e8079490) thrown at [C:\re\workspace\8-2-build-windows-amd64-cygwin\jdk8u191\11896\hotspot\src\share\vm\prims\jvm.cpp, line 3273]
Event: 173.203 Thread 0x000000001fbda800 Exception <a 'java/lang/InterruptedException': sleep interrupted> (0x00000000e80796e8) thrown at [C:\re\workspace\8-2-build-windows-amd64-cygwin\jdk8u191\11896\hotspot\src\share\vm\prims\jvm.cpp, line 3273]
Event: 173.229 Thread 0x000000001fbda800 Exception <a 'java/lang/InterruptedException': sleep interrupted> (0x00000000e8079940) thrown at [C:\re\workspace\8-2-build-windows-amd64-cygwin\jdk8u191\11896\hotspot\src\share\vm\prims\jvm.cpp, line 3273]
Event: 173.229 Thread 0x000000001fbda800 Exception <a 'java/lang/InterruptedException': sleep interrupted> (0x00000000e8079b98) thrown at [C:\re\workspace\8-2-build-windows-amd64-cygwin\jdk8u191\11896\hotspot\src\share\vm\prims\jvm.cpp, line 3225]

Events (10 events):
Event: 162.033 Thread 0x00000000199e2000 flushing nmethod 0x000000000467e050
Event: 162.047 Thread 0x00000000199e8000 flushing nmethod 0x00000000049d4950
Event: 162.047 Thread 0x00000000199e8000 flushing nmethod 0x0000000004a09090
Event: 162.047 Thread 0x00000000199e8000 flushing nmethod 0x0000000004a2f650
Event: 162.047 Thread 0x00000000199e8000 flushing nmethod 0x0000000004a81210
Event: 162.100 Thread 0x00000000199e2000 flushing nmethod 0x0000000004dbb350
Event: 162.102 Thread 0x00000000199e2000 flushing nmethod 0x00000000050fc010
Event: 162.245 Thread 0x00000000199e4000 flushing nmethod 0x0000000005246d10
Event: 162.248 Thread 0x00000000199e4000 flushing nmethod 0x00000000058d2f10
Event: 162.248 Thread 0x00000000199e4000 flushing nmethod 0x00000000059f2950


Dynamic libraries:
0x00007ff6df940000 - 0x00007ff6df977000 	C:\Program Files\Java\jdk1.8.0_191\bin\java.exe
0x00007ff9024e0000 - 0x00007ff9026c1000 	C:\Windows\SYSTEM32\ntdll.dll
0x00007ff8ff970000 - 0x00007ff8ffa21000 	C:\Windows\System32\KERNEL32.DLL
0x00007ff8fe960000 - 0x00007ff8febd3000 	C:\Windows\System32\KERNELBASE.dll
0x00007ff900600000 - 0x00007ff9006a1000 	C:\Windows\System32\ADVAPI32.dll
0x00007ff9003d0000 - 0x00007ff90046e000 	C:\Windows\System32\msvcrt.dll
0x00007ff8ffe30000 - 0x00007ff8ffe8b000 	C:\Windows\System32\sechost.dll
0x00007ff900db0000 - 0x00007ff900ed4000 	C:\Windows\System32\RPCRT4.dll
0x00007ff900470000 - 0x00007ff900600000 	C:\Windows\System32\USER32.dll
0x00007ff8ff240000 - 0x00007ff8ff260000 	C:\Windows\System32\win32u.dll
0x00007ff8ffd90000 - 0x00007ff8ffdb8000 	C:\Windows\System32\GDI32.dll
0x00007ff8ff000000 - 0x00007ff8ff191000 	C:\Windows\System32\gdi32full.dll
0x00007ff8ff1a0000 - 0x00007ff8ff23f000 	C:\Windows\System32\msvcp_win.dll
0x00007ff8fef00000 - 0x00007ff8feff8000 	C:\Windows\System32\ucrtbase.dll
0x00007ff8f0520000 - 0x00007ff8f0789000 	C:\Windows\WinSxS\amd64_microsoft.windows.common-controls_6595b64144ccf1df_6.0.17134.885_none_fb42a3473065565f\COMCTL32.dll
0x00007ff8ffa30000 - 0x00007ff8ffd52000 	C:\Windows\System32\combase.dll
0x00007ff8fee30000 - 0x00007ff8feea9000 	C:\Windows\System32\bcryptPrimitives.dll
0x00007ff8ffd60000 - 0x00007ff8ffd8d000 	C:\Windows\System32\IMM32.DLL
0x00000000517b0000 - 0x0000000051882000 	C:\Program Files\Java\jdk1.8.0_191\jre\bin\msvcr100.dll
0x0000000050f00000 - 0x00000000517a4000 	C:\Program Files\Java\jdk1.8.0_191\jre\bin\server\jvm.dll
0x00007ff900f40000 - 0x00007ff900f48000 	C:\Windows\System32\PSAPI.DLL
0x00007ff8f4710000 - 0x00007ff8f471a000 	C:\Windows\SYSTEM32\VERSION.dll
0x00007ff8d69d0000 - 0x00007ff8d69d9000 	C:\Windows\SYSTEM32\WSOCK32.dll
0x00007ff900b20000 - 0x00007ff900b8c000 	C:\Windows\System32\WS2_32.dll
0x00007ff8f99c0000 - 0x00007ff8f99e3000 	C:\Windows\SYSTEM32\WINMM.dll
0x00007ff8f9970000 - 0x00007ff8f999a000 	C:\Windows\SYSTEM32\winmmbase.dll
0x00007ff8feeb0000 - 0x00007ff8feef9000 	C:\Windows\System32\cfgmgr32.dll
0x0000000050ef0000 - 0x0000000050eff000 	C:\Program Files\Java\jdk1.8.0_191\jre\bin\verify.dll
0x0000000050ec0000 - 0x0000000050ee9000 	C:\Program Files\Java\jdk1.8.0_191\jre\bin\java.dll
0x0000000050ea0000 - 0x0000000050eb6000 	C:\Program Files\Java\jdk1.8.0_191\jre\bin\zip.dll
0x00007ff900f50000 - 0x00007ff902390000 	C:\Windows\System32\SHELL32.dll
0x00007ff900a70000 - 0x00007ff900b19000 	C:\Windows\System32\shcore.dll
0x00007ff8ff260000 - 0x00007ff8ff96d000 	C:\Windows\System32\windows.storage.dll
0x00007ff900d50000 - 0x00007ff900da1000 	C:\Windows\System32\shlwapi.dll
0x00007ff8fe860000 - 0x00007ff8fe871000 	C:\Windows\System32\kernel.appcore.dll
0x00007ff8fe7f0000 - 0x00007ff8fe80f000 	C:\Windows\System32\profapi.dll
0x00007ff8fe810000 - 0x00007ff8fe85c000 	C:\Windows\System32\powrprof.dll
0x00007ff8fe880000 - 0x00007ff8fe88a000 	C:\Windows\System32\FLTLIB.DLL
0x0000000050e50000 - 0x0000000050e5d000 	C:\Program Files\Java\jdk1.8.0_191\jre\bin\management.dll
0x0000000050e80000 - 0x0000000050e9a000 	C:\Program Files\Java\jdk1.8.0_191\jre\bin\net.dll
0x00007ff8fe070000 - 0x00007ff8fe0d6000 	C:\Windows\system32\mswsock.dll
0x00007ff8bd180000 - 0x00007ff8bd196000 	C:\Windows\system32\napinsp.dll
0x00007ff8bd160000 - 0x00007ff8bd17a000 	C:\Windows\system32\pnrpnsp.dll
0x00007ff8fab30000 - 0x00007ff8fab49000 	C:\Windows\system32\NLAapi.dll
0x00007ff8fde40000 - 0x00007ff8fdefe000 	C:\Windows\SYSTEM32\DNSAPI.dll
0x00007ff900a60000 - 0x00007ff900a68000 	C:\Windows\System32\NSI.dll
0x00007ff8fde00000 - 0x00007ff8fde38000 	C:\Windows\SYSTEM32\IPHLPAPI.DLL
0x00007ff8bd150000 - 0x00007ff8bd15e000 	C:\Windows\System32\winrnr.dll
0x00000000526a0000 - 0x00000000526c6000 	C:\Program Files\Bonjour\mdnsNSP.dll
0x00007ff8c6e80000 - 0x00007ff8c6e95000 	C:\Windows\System32\wshbth.dll
0x00007ff8edab0000 - 0x00007ff8edaba000 	C:\Windows\System32\rasadhlp.dll
0x00007ff8ee020000 - 0x00007ff8ee092000 	C:\Windows\System32\fwpuclnt.dll
0x00007ff8fe350000 - 0x00007ff8fe375000 	C:\Windows\SYSTEM32\bcrypt.dll
0x0000000050e60000 - 0x0000000050e71000 	C:\Program Files\Java\jdk1.8.0_191\jre\bin\nio.dll
0x0000000180000000 - 0x0000000180053000 	C:\Users\justi\.gradle\caches\minecraft\net\minecraft\natives\1.12.2\lwjgl64.dll
0x00007ff8d70d0000 - 0x00007ff8d71f0000 	C:\Windows\SYSTEM32\OPENGL32.dll
0x00007ff8d7000000 - 0x00007ff8d702c000 	C:\Windows\SYSTEM32\GLU32.dll
0x00007ff8fe220000 - 0x00007ff8fe237000 	C:\Windows\SYSTEM32\CRYPTSP.dll
0x00007ff8fdc60000 - 0x00007ff8fdc93000 	C:\Windows\system32\rsaenh.dll
0x00007ff8fe6f0000 - 0x00007ff8fe718000 	C:\Windows\SYSTEM32\USERENV.dll
0x00007ff8fe240000 - 0x00007ff8fe24b000 	C:\Windows\SYSTEM32\CRYPTBASE.dll
0x00007ff8f8cf0000 - 0x00007ff8f8d06000 	C:\Windows\SYSTEM32\dhcpcsvc6.DLL
0x00007ff8f8a80000 - 0x00007ff8f8a9a000 	C:\Windows\SYSTEM32\dhcpcsvc.DLL
0x0000000050c50000 - 0x0000000050de9000 	C:\Program Files\Java\jdk1.8.0_191\jre\bin\awt.dll
0x00007ff900810000 - 0x00007ff9008d2000 	C:\Windows\System32\OLEAUT32.dll
0x00007ff8fc080000 - 0x00007ff8fc10b000 	C:\Windows\SYSTEM32\apphelp.dll
0x00007ff8fc150000 - 0x00007ff8fc1e8000 	C:\Windows\system32\uxtheme.dll
0x00007ff9008e0000 - 0x00007ff900a53000 	C:\Windows\System32\MSCTF.dll
0x00007ff8fcc30000 - 0x00007ff8fcc59000 	C:\Windows\system32\dwmapi.dll
0x00007ff8df0c0000 - 0x00007ff8df156000 	C:\Windows\System32\TextInputFramework.dll
0x00007ff8fbe80000 - 0x00007ff8fbf5a000 	C:\Windows\System32\CoreMessaging.dll
0x00007ff8f7d40000 - 0x00007ff8f805e000 	C:\Windows\System32\CoreUIComponents.dll
0x00007ff8fa250000 - 0x00007ff8fa39d000 	C:\Windows\SYSTEM32\wintypes.dll
0x00007ff8fd8f0000 - 0x00007ff8fd921000 	C:\Windows\SYSTEM32\ntmarta.dll
0x0000000074a50000 - 0x0000000077110000 	C:\Windows\System32\DriverStore\FileRepository\nvdmi.inf_amd64_0567eb0f5a61f772\nvoglv64.dll
0x00007ff8ffe90000 - 0x00007ff9002db000 	C:\Windows\System32\SETUPAPI.dll
0x00007ff9006b0000 - 0x00007ff900801000 	C:\Windows\System32\ole32.dll
0x00007ff8f9830000 - 0x00007ff8f9843000 	C:\Windows\SYSTEM32\WTSAPI32.dll
0x00007ff8e4690000 - 0x00007ff8e4942000 	C:\Windows\system32\nvspcap64.dll
0x00007ff8da2d0000 - 0x00007ff8da378000 	C:\Windows\SYSTEM32\mscms.dll
0x00007ff8da2c0000 - 0x00007ff8da2d0000 	C:\Windows\SYSTEM32\ColorAdapterClient.dll
0x00007ff8ef8b0000 - 0x00007ff8ef8f3000 	C:\Windows\SYSTEM32\icm32.dll
0x00007ff8fd960000 - 0x00007ff8fd9b6000 	C:\Windows\SYSTEM32\WINSTA.dll
0x00007ff8c6940000 - 0x00007ff8c6b40000 	C:\Windows\System32\uiautomationcore.dll
0x00007ff8dec00000 - 0x00007ff8dec6b000 	C:\Windows\System32\OLEACC.dll
0x00007ff902410000 - 0x00007ff9024b0000 	C:\Windows\System32\clbcatq.dll
0x00007ff8fd5c0000 - 0x00007ff8fd67b000 	C:\Windows\system32\dxgi.dll
0x00007ff8efdc0000 - 0x00007ff8efeae000 	C:\Windows\System32\DriverStore\FileRepository\nvdmi.inf_amd64_0567eb0f5a61f772\nvldumdx.dll
0x00007ff8fec40000 - 0x00007ff8fee22000 	C:\Windows\System32\crypt32.dll
0x00007ff8fe890000 - 0x00007ff8fe8a2000 	C:\Windows\System32\MSASN1.dll
0x00007ff8febe0000 - 0x00007ff8fec37000 	C:\Windows\System32\WINTRUST.DLL
0x00007ff900d30000 - 0x00007ff900d4d000 	C:\Windows\System32\imagehlp.dll
0x00007ff880ab0000 - 0x00007ff882f2b000 	C:\Windows\System32\DriverStore\FileRepository\nvdmi.inf_amd64_0567eb0f5a61f772\nvwgf2umx.dll
0x00007ff8eacd0000 - 0x00007ff8eb1d3000 	C:\Windows\system32\nvapi64.dll
0x00007ff8e59e0000 - 0x00007ff8e5a22000 	C:\Users\justi\AppData\Local\Temp\jna-101492989\jna2822048538618929015.dll
0x00007ff8e4f00000 - 0x00007ff8e4f9d000 	C:\Program Files\obs-studio\data\obs-plugins\win-capture\graphics-hook64.dll
0x00007ff8fac90000 - 0x00007ff8fb0bf000 	C:\Windows\SYSTEM32\D3DCompiler_47.dll
0x0000000038160000 - 0x00000000381c4000 	C:\Users\justi\.gradle\caches\minecraft\net\minecraft\natives\1.12.2\OpenAL64.dll
0x00007ff8ea280000 - 0x00007ff8ea2f6000 	C:\Windows\System32\MMDevApi.dll
0x00007ff8fc7b0000 - 0x00007ff8fc964000 	C:\Windows\System32\PROPSYS.dll
0x00007ff8fe600000 - 0x00007ff8fe627000 	C:\Windows\System32\DEVOBJ.dll
0x00007ff8bc230000 - 0x00007ff8bc2bf000 	C:\Windows\SYSTEM32\dsound.dll
0x00007ff8dd970000 - 0x00007ff8dda9c000 	C:\Windows\SYSTEM32\AUDIOSES.DLL
0x00007ff8f99b0000 - 0x00007ff8f99ba000 	C:\Windows\SYSTEM32\AVRT.dll
0x00007ff8f8bb0000 - 0x00007ff8f8bca000 	C:\Users\justi\.gradle\caches\minecraft\net\minecraft\natives\1.12.2\SAPIWrapper_x64.dll
0x0000000050e20000 - 0x0000000050e44000 	C:\Program Files\Java\jdk1.8.0_191\jre\bin\sunec.dll
0x0000000050e10000 - 0x0000000050e1b000 	C:\Program Files\Java\jdk1.8.0_191\jre\bin\sunmscapi.dll
0x00007ff8fd140000 - 0x00007ff8fd309000 	C:\Windows\SYSTEM32\dbghelp.dll

VM Arguments:
jvm_args: -Dfile.encoding=windows-1252 -Duser.country=US -Duser.language=en -Duser.variant 
java_command: GradleStart
java_class_path (initial): C:\Users\justi\.gradle\caches\minecraft\deobfedDeps\compileDummy.jar;C:\Users\justi\.gradle\caches\minecraft\deobfedDeps\providedDummy.jar;C:\Users\justi\.gradle\caches\minecraft\net\minecraftforge\forge\1.12.2-14.23.5.2768\snapshot\20171003\forgeBin-1.12.2-14.23.5.2768.jar;C:\Users\justi\.gradle\caches\modules-2\files-2.1\com.google.code.findbugs\jsr305\3.0.1\f7be08ec23c21485b9b5a1cf1654c2ec8c58168d\jsr305-3.0.1.jar;C:\Users\justi\.gradle\caches\modules-2\files-2.1\com.mojang\patchy\1.1\aef610b34a1be37fa851825f12372b78424d8903\patchy-1.1.jar;C:\Users\justi\.gradle\caches\modules-2\files-2.1\oshi-project\oshi-core\1.1\9ddf7b048a8d701be231c0f4f95fd986198fd2d8\oshi-core-1.1.jar;C:\Users\justi\.gradle\caches\modules-2\files-2.1\net.java.dev.jna\jna\4.4.0\cb208278274bf12ebdb56c61bd7407e6f774d65a\jna-4.4.0.jar;C:\Users\justi\.gradle\caches\modules-2\files-2.1\net.java.dev.jna\platform\3.4.0\e3f70017be8100d3d6923f50b3d2ee17714e9c13\platform-3.4.0.jar;C:\Users\justi\.gradle\caches\modules-2\files-2.1\com.ibm.icu\icu4j-core-mojang\51.2\63d216a9311cca6be337c1e458e587f99d382b84\icu4j-core-mojang-51.2.jar;C:\Users\justi\.gradle\caches\modules-2\files-2.1\net.sf.jopt-simple\jopt-simple\5.0.3\cdd846cfc4e0f7eefafc02c0f5dce32b9303aa2a\jopt-simple-5.0.3.jar;C:\Users\justi\.gradle\caches\modules-2\files-2.1\io.netty\netty-all\4.1.9.Final\97860965d6a0a6b98e7f569f3f966727b8db75\netty-all-4.1.9.Final.jar;C:\Users\justi\.gradle\caches\modules-2\files-2.1\com.google.guava\guava\21.0\3a3d111be1be1b745edfa7d91678a12d7ed38709\guava-21.0.jar;C:\Users\justi\.gradle\caches\modules-2\files-2.1\org.apache.commons\commons-lang3\3.5\6c6c702c89bfff3cd9e80b04d668c5e190d588c6\commons-lang3-3.5.jar;C:\Users\justi\.gradle\caches\modules-2\files-2.1\commons-io\commons-io\2.5\2852e6e05fbb95076fc091f6d1780f1f8fe35e0f\commons-io-2.5.jar;C:\Users\justi\.gradle\caches\modules-2\files-2.1\commons-codec\commons-codec\1.10\4b95f4897fa13f2cd904aee711aeafc0c5295cd8\commons-codec-1.10.
Launcher Type: SUN_STANDARD

Environment Variables:
JAVA_HOME=C:\Program Files\Java\jdk1.8.0_191\bin
PATH="C:\Program Files (x86)\Common Files\Oracle\Java\javapath;C:\Program Files\Java\jdk-12.0.2\bin;C:\Program Files\Java\jre1.8.0_211\bin";C:\Windows\system32;C:\Windows;C:\Windows\System32\Wbem;C:\Windows\System32\WindowsPowerShell\v1.0\;C:\Windows\System32\OpenSSH\;C:\Program Files (x86)\NVIDIA Corporation\PhysX\Common;C:\Program Files\NVIDIA Corporation\NVIDIA NvDLISR;C:\Program Files\Git\cmd;C:\Program Files (x86)\GtkSharp\2.12\bin;C:\Program Files (x86)\Intel\Intel(R) Management Engine Components\DAL;C:\Program Files\Intel\Intel(R) Management Engine Components\DAL;C:\Program Files\Intel\WiFi\bin\;C:\Program Files\Common Files\Intel\WirelessCommon\;C:\Program Files\Java\jdk1.8.0_191\bin;C:\Users\justi\AppData\Local\Microsoft\WindowsApps;
USERNAME=justi
OS=Windows_NT
PROCESSOR_IDENTIFIER=Intel64 Family 6 Model 158 Stepping 10, GenuineIntel



---------------  S Y S T E M  ---------------

OS: Windows 10.0 , 64 bit Build 17134 (10.0.17134.753)

CPU:total 8 (initial active 8) (4 cores per cpu, 2 threads per core) family 6 model 158 stepping 10, cmov, cx8, fxsr, mmx, sse, sse2, sse3, ssse3, sse4.1, sse4.2, popcnt, avx, avx2, aes, clmul, erms, 3dnowpref, lzcnt, ht, tsc, tscinvbit, bmi1, bmi2, adx

Memory: 4k page, physical 8245828k(404520k free), swap 20858716k(1683860k free)

vm_info: Java HotSpot(TM) 64-Bit Server VM (25.191-b12) for windows-amd64 JRE (1.8.0_191-b12), built on Oct  6 2018 09:29:03 by "java_re" with MS VC++ 10.0 (VS2010)

time: Fri Jul 26 03:35:37 2019
elapsed time: 173 seconds (0d 0h 2m 53s)

